<?xml version="1.0" encoding="UTF-8"?>
<testsuite xmlns:xsi="http://www.w3.org/2001/XMLSchema-instance" xsi:noNamespaceSchemaLocation="https://maven.apache.org/surefire/maven-surefire-plugin/xsd/surefire-test-report.xsd" name="com.otus.architecture.and.design.patterns.QuadraticEquationTest" time="0.091" tests="8" errors="0" skipped="0" failures="0">
  <properties>
[...]
</properties>
  <testcase name="solve$1" classname="com.otus.architecture.and.design.patterns.QuadraticEquationTest" time="0.026"/>
  <testcase name="solve$2" classname="com.otus.architecture.and.design.patterns.QuadraticEquationTest" time="0.001"/>
  <testcase name="solve$3" classname="com.otus.architecture.and.design.patterns.QuadraticEquationTest" time="0.001"/>
  <testcase name="solve$4" classname="com.otus.architecture.and.design.patterns.QuadraticEquationTest" time="0.003"/>
  <testcase name="solve$5" classname="com.otus.architecture.and.design.patterns.QuadraticEquationTest" time="0.001"/>
  <testcase name="solve$6{double}[1]" classname="com.otus.architecture.and.design.patterns.QuadraticEquationTest" time="0.028"/>
  <testcase name="solve$6{double}[2]" classname="com.otus.architecture.and.design.patterns.QuadraticEquationTest" time="0.001"/>
  <testcase name="solve$6{double}[3]" classname="com.otus.architecture.and.design.patterns.QuadraticEquationTest" time="0.001"/>
</testsuite>